

============================== 2022-11-15 05:21:44.927580 | 91b81787-8de0-482c-be30-da7147ab5f00 ==============================
[0m05:21:44.927610 [info ] [MainThread]: Running with dbt=1.3.0
[0m05:21:44.928172 [debug] [MainThread]: running dbt with arguments {'write_json': True, 'use_colors': True, 'printer_width': 80, 'version_check': True, 'partial_parse': True, 'static_parser': True, 'profiles_dir': '/home/ec2-user/.dbt', 'send_anonymous_usage_stats': True, 'event_buffer_size': 100000, 'quiet': False, 'no_print': False, 'project_name': 'post', 'skip_profile_setup': False, 'which': 'init', 'indirect_selection': 'eager'}
[0m05:21:44.928372 [debug] [MainThread]: Tracking: tracking
[0m05:21:44.933556 [debug] [MainThread]: Sending event: {'category': 'dbt', 'action': 'invocation', 'label': 'start', 'context': [<snowplow_tracker.self_describing_json.SelfDescribingJson object at 0x7fdb2e9698d0>, <snowplow_tracker.self_describing_json.SelfDescribingJson object at 0x7fdb2e956290>, <snowplow_tracker.self_describing_json.SelfDescribingJson object at 0x7fdb2e9568d0>]}
[0m05:21:44.934192 [info ] [MainThread]: Creating dbt configuration folder at /home/ec2-user/.dbt
[0m05:21:44.937184 [debug] [MainThread]: Starter project path: /home/ec2-user/.local/lib/python3.7/site-packages/dbt/include/starter_project
[0m05:22:27.778726 [info ] [MainThread]: Profile post written to /home/ec2-user/.dbt/profiles.yml using target's sample configuration. Once updated, you'll be able to start developing with dbt.
[0m05:22:27.779261 [info ] [MainThread]: 
Your new dbt project "post" was created!

For more information on how to configure the profiles.yml file,
please consult the dbt documentation here:

  https://docs.getdbt.com/docs/configure-your-profile

One more thing:

Need help? Don't hesitate to reach out to us via GitHub issues or on Slack:

  https://community.getdbt.com/

Happy modeling!

[0m05:22:27.779765 [debug] [MainThread]: Sending event: {'category': 'dbt', 'action': 'invocation', 'label': 'end', 'context': [<snowplow_tracker.self_describing_json.SelfDescribingJson object at 0x7fdb2e925f10>, <snowplow_tracker.self_describing_json.SelfDescribingJson object at 0x7fdb2ebd1a50>, <snowplow_tracker.self_describing_json.SelfDescribingJson object at 0x7fdb31ca2a90>]}
[0m05:22:27.780082 [debug] [MainThread]: Flushing usage events


============================== 2022-11-17 06:39:08.040438 | 23a5200d-b331-4767-9cb9-a7d8c570b6fd ==============================
[0m06:39:08.040457 [info ] [MainThread]: Running with dbt=1.3.0
[0m06:39:08.041684 [debug] [MainThread]: running dbt with arguments {'write_json': True, 'use_colors': True, 'printer_width': 80, 'version_check': True, 'partial_parse': True, 'static_parser': True, 'profiles_dir': '/home/ec2-user/.dbt', 'send_anonymous_usage_stats': True, 'event_buffer_size': 100000, 'quiet': False, 'no_print': False, 'config_dir': False, 'which': 'debug', 'indirect_selection': 'eager'}
[0m06:39:08.041879 [debug] [MainThread]: Tracking: tracking
[0m06:39:08.047257 [debug] [MainThread]: Sending event: {'category': 'dbt', 'action': 'invocation', 'label': 'start', 'context': [<snowplow_tracker.self_describing_json.SelfDescribingJson object at 0x7f58f7872a90>, <snowplow_tracker.self_describing_json.SelfDescribingJson object at 0x7f58f7876350>, <snowplow_tracker.self_describing_json.SelfDescribingJson object at 0x7f58f7ac6b90>]}
[0m06:39:08.103996 [debug] [MainThread]: Executing "git --help"
[0m06:39:08.107684 [debug] [MainThread]: STDOUT: "b"usage: git [-v | --version] [-h | --help] [-C <path>] [-c <name>=<value>]\n           [--exec-path[=<path>]] [--html-path] [--man-path] [--info-path]\n           [-p | --paginate | -P | --no-pager] [--no-replace-objects] [--bare]\n           [--git-dir=<path>] [--work-tree=<path>] [--namespace=<name>]\n           [--super-prefix=<path>] [--config-env=<name>=<envvar>]\n           <command> [<args>]\n\nThese are common Git commands used in various situations:\n\nstart a working area (see also: git help tutorial)\n   clone     Clone a repository into a new directory\n   init      Create an empty Git repository or reinitialize an existing one\n\nwork on the current change (see also: git help everyday)\n   add       Add file contents to the index\n   mv        Move or rename a file, a directory, or a symlink\n   restore   Restore working tree files\n   rm        Remove files from the working tree and from the index\n\nexamine the history and state (see also: git help revisions)\n   bisect    Use binary search to find the commit that introduced a bug\n   diff      Show changes between commits, commit and working tree, etc\n   grep      Print lines matching a pattern\n   log       Show commit logs\n   show      Show various types of objects\n   status    Show the working tree status\n\ngrow, mark and tweak your common history\n   branch    List, create, or delete branches\n   commit    Record changes to the repository\n   merge     Join two or more development histories together\n   rebase    Reapply commits on top of another base tip\n   reset     Reset current HEAD to the specified state\n   switch    Switch branches\n   tag       Create, list, delete or verify a tag object signed with GPG\n\ncollaborate (see also: git help workflows)\n   fetch     Download objects and refs from another repository\n   pull      Fetch from and integrate with another repository or a local branch\n   push      Update remote refs along with associated objects\n\n'git help -a' and 'git help -g' list available subcommands and some\nconcept guides. See 'git help <command>' or 'git help <concept>'\nto read about a specific subcommand or concept.\nSee 'git help git' for an overview of the system.\n""
[0m06:39:08.108094 [debug] [MainThread]: STDERR: "b''"
[0m06:39:08.112509 [debug] [MainThread]: Acquiring new postgres connection "debug"
[0m06:39:08.113291 [debug] [MainThread]: Using postgres connection "debug"
[0m06:39:08.113487 [debug] [MainThread]: On debug: select 1 as id
[0m06:39:08.113677 [debug] [MainThread]: Opening a new connection, currently in state init
[0m06:39:08.115007 [debug] [MainThread]: Postgres adapter: Got a retryable error when attempting to open a postgres connection.
1 attempts remaining. Retrying in 0 seconds.
Error:
connection to server at "localhost" (127.0.0.1), port 5432 failed: Connection refused
	Is the server running on that host and accepting TCP/IP connections?

[0m06:39:08.115711 [debug] [MainThread]: Postgres adapter: Error running SQL: select 1 as id
[0m06:39:08.115882 [debug] [MainThread]: Postgres adapter: Rolling back transaction.
[0m06:39:08.116100 [debug] [MainThread]: On debug: No close available on handle
[0m06:39:08.118914 [debug] [MainThread]: Sending event: {'category': 'dbt', 'action': 'invocation', 'label': 'end', 'context': [<snowplow_tracker.self_describing_json.SelfDescribingJson object at 0x7f58f60f0450>, <snowplow_tracker.self_describing_json.SelfDescribingJson object at 0x7f58f60f0f50>, <snowplow_tracker.self_describing_json.SelfDescribingJson object at 0x7f58f60f0dd0>]}
[0m06:39:08.119352 [debug] [MainThread]: Flushing usage events
[0m06:39:08.153748 [debug] [MainThread]: Connection 'debug' was properly closed.


============================== 2022-11-17 06:43:09.201198 | e8eed69e-cd63-414c-ad2a-d603e2820102 ==============================
[0m06:43:09.201215 [info ] [MainThread]: Running with dbt=1.3.0
[0m06:43:09.201743 [debug] [MainThread]: running dbt with arguments {'write_json': True, 'use_colors': True, 'printer_width': 80, 'version_check': True, 'partial_parse': True, 'static_parser': True, 'profiles_dir': '/home/ec2-user/.dbt', 'send_anonymous_usage_stats': True, 'event_buffer_size': 100000, 'quiet': False, 'no_print': False, 'config_dir': False, 'which': 'debug', 'indirect_selection': 'eager'}
[0m06:43:09.201927 [debug] [MainThread]: Tracking: tracking
[0m06:43:09.207284 [debug] [MainThread]: Sending event: {'category': 'dbt', 'action': 'invocation', 'label': 'start', 'context': [<snowplow_tracker.self_describing_json.SelfDescribingJson object at 0x7f756ac35950>, <snowplow_tracker.self_describing_json.SelfDescribingJson object at 0x7f756ae8f110>, <snowplow_tracker.self_describing_json.SelfDescribingJson object at 0x7f756ae8f290>]}
[0m06:43:09.263938 [debug] [MainThread]: Executing "git --help"
[0m06:43:09.267620 [debug] [MainThread]: STDOUT: "b"usage: git [-v | --version] [-h | --help] [-C <path>] [-c <name>=<value>]\n           [--exec-path[=<path>]] [--html-path] [--man-path] [--info-path]\n           [-p | --paginate | -P | --no-pager] [--no-replace-objects] [--bare]\n           [--git-dir=<path>] [--work-tree=<path>] [--namespace=<name>]\n           [--super-prefix=<path>] [--config-env=<name>=<envvar>]\n           <command> [<args>]\n\nThese are common Git commands used in various situations:\n\nstart a working area (see also: git help tutorial)\n   clone     Clone a repository into a new directory\n   init      Create an empty Git repository or reinitialize an existing one\n\nwork on the current change (see also: git help everyday)\n   add       Add file contents to the index\n   mv        Move or rename a file, a directory, or a symlink\n   restore   Restore working tree files\n   rm        Remove files from the working tree and from the index\n\nexamine the history and state (see also: git help revisions)\n   bisect    Use binary search to find the commit that introduced a bug\n   diff      Show changes between commits, commit and working tree, etc\n   grep      Print lines matching a pattern\n   log       Show commit logs\n   show      Show various types of objects\n   status    Show the working tree status\n\ngrow, mark and tweak your common history\n   branch    List, create, or delete branches\n   commit    Record changes to the repository\n   merge     Join two or more development histories together\n   rebase    Reapply commits on top of another base tip\n   reset     Reset current HEAD to the specified state\n   switch    Switch branches\n   tag       Create, list, delete or verify a tag object signed with GPG\n\ncollaborate (see also: git help workflows)\n   fetch     Download objects and refs from another repository\n   pull      Fetch from and integrate with another repository or a local branch\n   push      Update remote refs along with associated objects\n\n'git help -a' and 'git help -g' list available subcommands and some\nconcept guides. See 'git help <command>' or 'git help <concept>'\nto read about a specific subcommand or concept.\nSee 'git help git' for an overview of the system.\n""
[0m06:43:09.268029 [debug] [MainThread]: STDERR: "b''"
[0m06:43:09.272231 [debug] [MainThread]: Acquiring new postgres connection "debug"
[0m06:43:09.272980 [debug] [MainThread]: Using postgres connection "debug"
[0m06:43:09.273169 [debug] [MainThread]: On debug: select 1 as id
[0m06:43:09.273347 [debug] [MainThread]: Opening a new connection, currently in state init
[0m06:43:09.285316 [debug] [MainThread]: Postgres adapter: Got a retryable error when attempting to open a postgres connection.
1 attempts remaining. Retrying in 0 seconds.
Error:
could not translate host name "root" to address: Name or service not known

[0m06:43:09.286809 [debug] [MainThread]: Postgres adapter: Error running SQL: select 1 as id
[0m06:43:09.286986 [debug] [MainThread]: Postgres adapter: Rolling back transaction.
[0m06:43:09.287180 [debug] [MainThread]: On debug: No close available on handle
[0m06:43:09.287633 [debug] [MainThread]: Sending event: {'category': 'dbt', 'action': 'invocation', 'label': 'end', 'context': [<snowplow_tracker.self_describing_json.SelfDescribingJson object at 0x7f75694b6690>, <snowplow_tracker.self_describing_json.SelfDescribingJson object at 0x7f75694b6ad0>, <snowplow_tracker.self_describing_json.SelfDescribingJson object at 0x7f75694b6f10>]}
[0m06:43:09.288048 [debug] [MainThread]: Flushing usage events
[0m06:43:09.321529 [debug] [MainThread]: Connection 'debug' was properly closed.


============================== 2022-11-17 06:55:05.163751 | 619ab6d5-43a5-4b54-ad66-5e172757e360 ==============================
[0m06:55:05.163768 [info ] [MainThread]: Running with dbt=1.3.0
[0m06:55:05.164310 [debug] [MainThread]: running dbt with arguments {'write_json': True, 'use_colors': True, 'printer_width': 80, 'version_check': True, 'partial_parse': True, 'static_parser': True, 'profiles_dir': '/home/ec2-user/.dbt', 'send_anonymous_usage_stats': True, 'event_buffer_size': 100000, 'quiet': False, 'no_print': False, 'config_dir': False, 'which': 'debug', 'indirect_selection': 'eager'}
[0m06:55:05.164506 [debug] [MainThread]: Tracking: tracking
[0m06:55:05.169791 [debug] [MainThread]: Sending event: {'category': 'dbt', 'action': 'invocation', 'label': 'start', 'context': [<snowplow_tracker.self_describing_json.SelfDescribingJson object at 0x7f74928a9a50>, <snowplow_tracker.self_describing_json.SelfDescribingJson object at 0x7f7492b03710>, <snowplow_tracker.self_describing_json.SelfDescribingJson object at 0x7f7492b03050>]}
[0m06:55:05.226009 [debug] [MainThread]: Executing "git --help"
[0m06:55:05.229679 [debug] [MainThread]: STDOUT: "b"usage: git [-v | --version] [-h | --help] [-C <path>] [-c <name>=<value>]\n           [--exec-path[=<path>]] [--html-path] [--man-path] [--info-path]\n           [-p | --paginate | -P | --no-pager] [--no-replace-objects] [--bare]\n           [--git-dir=<path>] [--work-tree=<path>] [--namespace=<name>]\n           [--super-prefix=<path>] [--config-env=<name>=<envvar>]\n           <command> [<args>]\n\nThese are common Git commands used in various situations:\n\nstart a working area (see also: git help tutorial)\n   clone     Clone a repository into a new directory\n   init      Create an empty Git repository or reinitialize an existing one\n\nwork on the current change (see also: git help everyday)\n   add       Add file contents to the index\n   mv        Move or rename a file, a directory, or a symlink\n   restore   Restore working tree files\n   rm        Remove files from the working tree and from the index\n\nexamine the history and state (see also: git help revisions)\n   bisect    Use binary search to find the commit that introduced a bug\n   diff      Show changes between commits, commit and working tree, etc\n   grep      Print lines matching a pattern\n   log       Show commit logs\n   show      Show various types of objects\n   status    Show the working tree status\n\ngrow, mark and tweak your common history\n   branch    List, create, or delete branches\n   commit    Record changes to the repository\n   merge     Join two or more development histories together\n   rebase    Reapply commits on top of another base tip\n   reset     Reset current HEAD to the specified state\n   switch    Switch branches\n   tag       Create, list, delete or verify a tag object signed with GPG\n\ncollaborate (see also: git help workflows)\n   fetch     Download objects and refs from another repository\n   pull      Fetch from and integrate with another repository or a local branch\n   push      Update remote refs along with associated objects\n\n'git help -a' and 'git help -g' list available subcommands and some\nconcept guides. See 'git help <command>' or 'git help <concept>'\nto read about a specific subcommand or concept.\nSee 'git help git' for an overview of the system.\n""
[0m06:55:05.230082 [debug] [MainThread]: STDERR: "b''"
[0m06:55:05.234191 [debug] [MainThread]: Acquiring new postgres connection "debug"
[0m06:55:05.238754 [debug] [MainThread]: Using postgres connection "debug"
[0m06:55:05.238932 [debug] [MainThread]: On debug: select 1 as id
[0m06:55:05.239093 [debug] [MainThread]: Opening a new connection, currently in state init
[0m06:55:05.239990 [debug] [MainThread]: Postgres adapter: Got a retryable error when attempting to open a postgres connection.
1 attempts remaining. Retrying in 0 seconds.
Error:
connection to server at "localhost" (127.0.0.1), port 5432 failed: Connection refused
	Is the server running on that host and accepting TCP/IP connections?

[0m06:55:05.240532 [debug] [MainThread]: Postgres adapter: Error running SQL: select 1 as id
[0m06:55:05.240699 [debug] [MainThread]: Postgres adapter: Rolling back transaction.
[0m06:55:05.240901 [debug] [MainThread]: On debug: No close available on handle
[0m06:55:05.241559 [debug] [MainThread]: Sending event: {'category': 'dbt', 'action': 'invocation', 'label': 'end', 'context': [<snowplow_tracker.self_describing_json.SelfDescribingJson object at 0x7f749112c1d0>, <snowplow_tracker.self_describing_json.SelfDescribingJson object at 0x7f749112cb10>, <snowplow_tracker.self_describing_json.SelfDescribingJson object at 0x7f749112cf50>]}
[0m06:55:05.241981 [debug] [MainThread]: Flushing usage events
[0m06:55:05.281622 [debug] [MainThread]: Connection 'debug' was properly closed.


============================== 2022-11-17 12:04:26.851320 | 716145df-85c6-487a-8818-8bd66e8ccc8d ==============================
[0m12:04:26.851336 [info ] [MainThread]: Running with dbt=1.3.0
[0m12:04:26.853781 [debug] [MainThread]: running dbt with arguments {'write_json': True, 'use_colors': True, 'printer_width': 80, 'version_check': True, 'partial_parse': True, 'static_parser': True, 'profiles_dir': '/home/ec2-user/.dbt', 'send_anonymous_usage_stats': True, 'event_buffer_size': 100000, 'quiet': False, 'no_print': False, 'config_dir': False, 'which': 'debug', 'indirect_selection': 'eager'}
[0m12:04:26.853985 [debug] [MainThread]: Tracking: tracking
[0m12:04:26.859566 [debug] [MainThread]: Sending event: {'category': 'dbt', 'action': 'invocation', 'label': 'start', 'context': [<snowplow_tracker.self_describing_json.SelfDescribingJson object at 0x7f2b829ae910>, <snowplow_tracker.self_describing_json.SelfDescribingJson object at 0x7f2b82bf8d50>, <snowplow_tracker.self_describing_json.SelfDescribingJson object at 0x7f2b829b6050>]}
[0m12:04:26.916722 [debug] [MainThread]: Executing "git --help"
[0m12:04:26.920621 [debug] [MainThread]: STDOUT: "b"usage: git [-v | --version] [-h | --help] [-C <path>] [-c <name>=<value>]\n           [--exec-path[=<path>]] [--html-path] [--man-path] [--info-path]\n           [-p | --paginate | -P | --no-pager] [--no-replace-objects] [--bare]\n           [--git-dir=<path>] [--work-tree=<path>] [--namespace=<name>]\n           [--super-prefix=<path>] [--config-env=<name>=<envvar>]\n           <command> [<args>]\n\nThese are common Git commands used in various situations:\n\nstart a working area (see also: git help tutorial)\n   clone     Clone a repository into a new directory\n   init      Create an empty Git repository or reinitialize an existing one\n\nwork on the current change (see also: git help everyday)\n   add       Add file contents to the index\n   mv        Move or rename a file, a directory, or a symlink\n   restore   Restore working tree files\n   rm        Remove files from the working tree and from the index\n\nexamine the history and state (see also: git help revisions)\n   bisect    Use binary search to find the commit that introduced a bug\n   diff      Show changes between commits, commit and working tree, etc\n   grep      Print lines matching a pattern\n   log       Show commit logs\n   show      Show various types of objects\n   status    Show the working tree status\n\ngrow, mark and tweak your common history\n   branch    List, create, or delete branches\n   commit    Record changes to the repository\n   merge     Join two or more development histories together\n   rebase    Reapply commits on top of another base tip\n   reset     Reset current HEAD to the specified state\n   switch    Switch branches\n   tag       Create, list, delete or verify a tag object signed with GPG\n\ncollaborate (see also: git help workflows)\n   fetch     Download objects and refs from another repository\n   pull      Fetch from and integrate with another repository or a local branch\n   push      Update remote refs along with associated objects\n\n'git help -a' and 'git help -g' list available subcommands and some\nconcept guides. See 'git help <command>' or 'git help <concept>'\nto read about a specific subcommand or concept.\nSee 'git help git' for an overview of the system.\n""
[0m12:04:26.921019 [debug] [MainThread]: STDERR: "b''"
[0m12:04:26.925386 [debug] [MainThread]: Acquiring new postgres connection "debug"
[0m12:04:26.926193 [debug] [MainThread]: Using postgres connection "debug"
[0m12:04:26.926379 [debug] [MainThread]: On debug: select 1 as id
[0m12:04:26.926602 [debug] [MainThread]: Opening a new connection, currently in state init
[0m12:04:26.946986 [debug] [MainThread]: SQL status: SELECT 1 in 0.02 seconds
[0m12:04:26.948427 [debug] [MainThread]: On debug: Close
[0m12:04:26.950898 [debug] [MainThread]: Sending event: {'category': 'dbt', 'action': 'invocation', 'label': 'end', 'context': [<snowplow_tracker.self_describing_json.SelfDescribingJson object at 0x7f2b81235a50>, <snowplow_tracker.self_describing_json.SelfDescribingJson object at 0x7f2b81235d90>, <snowplow_tracker.self_describing_json.SelfDescribingJson object at 0x7f2b81235ad0>]}
[0m12:04:26.951298 [debug] [MainThread]: Flushing usage events
[0m12:04:26.986376 [debug] [MainThread]: Connection 'debug' was properly closed.


============================== 2022-11-18 12:38:02.124422 | ee9cc536-68f5-4393-bf76-56dfb37d10e3 ==============================
[0m12:38:02.124443 [info ] [MainThread]: Running with dbt=1.3.0
[0m12:38:02.126591 [debug] [MainThread]: running dbt with arguments {'write_json': True, 'use_colors': True, 'printer_width': 80, 'version_check': True, 'partial_parse': True, 'static_parser': True, 'profiles_dir': '/home/ec2-user/.dbt', 'send_anonymous_usage_stats': True, 'event_buffer_size': 100000, 'quiet': False, 'no_print': False, 'project_name': 'post', 'skip_profile_setup': False, 'which': 'init', 'indirect_selection': 'eager'}
[0m12:38:02.126798 [debug] [MainThread]: Tracking: tracking
[0m12:38:02.132164 [debug] [MainThread]: Sending event: {'category': 'dbt', 'action': 'invocation', 'label': 'start', 'context': [<snowplow_tracker.self_describing_json.SelfDescribingJson object at 0x7f0e0ef04550>, <snowplow_tracker.self_describing_json.SelfDescribingJson object at 0x7f0e0f924590>, <snowplow_tracker.self_describing_json.SelfDescribingJson object at 0x7f0e0f15ddd0>]}
[0m12:38:02.133834 [debug] [MainThread]: Starter project path: /home/ec2-user/.local/lib/python3.7/site-packages/dbt/include/starter_project
[0m12:38:12.977244 [info ] [MainThread]: 
Your new dbt project "post" was created!

For more information on how to configure the profiles.yml file,
please consult the dbt documentation here:

  https://docs.getdbt.com/docs/configure-your-profile

One more thing:

Need help? Don't hesitate to reach out to us via GitHub issues or on Slack:

  https://community.getdbt.com/

Happy modeling!

[0m12:38:12.977864 [debug] [MainThread]: Sending event: {'category': 'dbt', 'action': 'invocation', 'label': 'end', 'context': [<snowplow_tracker.self_describing_json.SelfDescribingJson object at 0x7f0e0f15d110>, <snowplow_tracker.self_describing_json.SelfDescribingJson object at 0x7f0e0f15df10>, <snowplow_tracker.self_describing_json.SelfDescribingJson object at 0x7f0e0f15de50>]}
[0m12:38:12.978156 [debug] [MainThread]: Flushing usage events
