

============================== 2022-11-17 06:38:53.079045 | 36081644-4acd-4be7-8380-54f1d7f996ba ==============================
[0m06:38:53.079063 [info ] [MainThread]: Running with dbt=1.3.0
[0m06:38:53.079663 [debug] [MainThread]: running dbt with arguments {'write_json': True, 'use_colors': True, 'printer_width': 80, 'version_check': True, 'partial_parse': True, 'static_parser': True, 'profiles_dir': '/home/ec2-user/.dbt', 'send_anonymous_usage_stats': True, 'event_buffer_size': 100000, 'quiet': False, 'no_print': False, 'config_dir': False, 'which': 'debug', 'indirect_selection': 'eager'}
[0m06:38:53.079859 [debug] [MainThread]: Tracking: tracking
[0m06:38:53.085347 [debug] [MainThread]: Sending event: {'category': 'dbt', 'action': 'invocation', 'label': 'start', 'context': [<snowplow_tracker.self_describing_json.SelfDescribingJson object at 0x7f8f54c2e690>, <snowplow_tracker.self_describing_json.SelfDescribingJson object at 0x7f8f54e82cd0>, <snowplow_tracker.self_describing_json.SelfDescribingJson object at 0x7f8f54e827d0>]}
[0m06:38:53.141387 [debug] [MainThread]: Executing "git --help"
[0m06:38:53.145076 [debug] [MainThread]: STDOUT: "b"usage: git [-v | --version] [-h | --help] [-C <path>] [-c <name>=<value>]\n           [--exec-path[=<path>]] [--html-path] [--man-path] [--info-path]\n           [-p | --paginate | -P | --no-pager] [--no-replace-objects] [--bare]\n           [--git-dir=<path>] [--work-tree=<path>] [--namespace=<name>]\n           [--super-prefix=<path>] [--config-env=<name>=<envvar>]\n           <command> [<args>]\n\nThese are common Git commands used in various situations:\n\nstart a working area (see also: git help tutorial)\n   clone     Clone a repository into a new directory\n   init      Create an empty Git repository or reinitialize an existing one\n\nwork on the current change (see also: git help everyday)\n   add       Add file contents to the index\n   mv        Move or rename a file, a directory, or a symlink\n   restore   Restore working tree files\n   rm        Remove files from the working tree and from the index\n\nexamine the history and state (see also: git help revisions)\n   bisect    Use binary search to find the commit that introduced a bug\n   diff      Show changes between commits, commit and working tree, etc\n   grep      Print lines matching a pattern\n   log       Show commit logs\n   show      Show various types of objects\n   status    Show the working tree status\n\ngrow, mark and tweak your common history\n   branch    List, create, or delete branches\n   commit    Record changes to the repository\n   merge     Join two or more development histories together\n   rebase    Reapply commits on top of another base tip\n   reset     Reset current HEAD to the specified state\n   switch    Switch branches\n   tag       Create, list, delete or verify a tag object signed with GPG\n\ncollaborate (see also: git help workflows)\n   fetch     Download objects and refs from another repository\n   pull      Fetch from and integrate with another repository or a local branch\n   push      Update remote refs along with associated objects\n\n'git help -a' and 'git help -g' list available subcommands and some\nconcept guides. See 'git help <command>' or 'git help <concept>'\nto read about a specific subcommand or concept.\nSee 'git help git' for an overview of the system.\n""
[0m06:38:53.145501 [debug] [MainThread]: STDERR: "b''"
[0m06:38:53.149730 [debug] [MainThread]: Acquiring new postgres connection "debug"
[0m06:38:53.150508 [debug] [MainThread]: Using postgres connection "debug"
[0m06:38:53.150704 [debug] [MainThread]: On debug: select 1 as id
[0m06:38:53.150894 [debug] [MainThread]: Opening a new connection, currently in state init
[0m06:38:53.152118 [debug] [MainThread]: Postgres adapter: Got a retryable error when attempting to open a postgres connection.
1 attempts remaining. Retrying in 0 seconds.
Error:
connection to server at "localhost" (127.0.0.1), port 5432 failed: Connection refused
	Is the server running on that host and accepting TCP/IP connections?

[0m06:38:53.152813 [debug] [MainThread]: Postgres adapter: Error running SQL: select 1 as id
[0m06:38:53.152993 [debug] [MainThread]: Postgres adapter: Rolling back transaction.
[0m06:38:53.153214 [debug] [MainThread]: On debug: No close available on handle
[0m06:38:53.158894 [debug] [MainThread]: Sending event: {'category': 'dbt', 'action': 'invocation', 'label': 'end', 'context': [<snowplow_tracker.self_describing_json.SelfDescribingJson object at 0x7f8f534b1510>, <snowplow_tracker.self_describing_json.SelfDescribingJson object at 0x7f8f534b1250>, <snowplow_tracker.self_describing_json.SelfDescribingJson object at 0x7f8f534b1c10>]}
[0m06:38:53.159320 [debug] [MainThread]: Flushing usage events
[0m06:38:53.192306 [debug] [MainThread]: Connection 'debug' was properly closed.
